# JRE version: OpenJDK Runtime Environment Temurin-21.0.5+11 (21.0.5+11) (build 21.0.5+11-LTS)
# Java VM: OpenJDK 64-Bit Server VM Temurin-21.0.5+11 (21.0.5+11-LTS, mixed mode, sharing, tiered, compressed oops, compressed class ptrs, g1 gc, windows-amd64)
GC Precious Log:
 CardTable entry size: 512
 Card Set container configuration: InlinePtr #cards 4 size 8 Array Of Cards #cards 32 size 80 Howl #buckets 8 coarsen threshold 7372 Howl Bitmap #cards 1024 size 144 coarsen threshold 921 Card regions per heap region 1 cards per card region 8192
 CPUs: 8 total, 8 available
 Memory: 16045M
 Large Page Support: Disabled
 NUMA Support: Disabled
 Compressed Oops: Enabled (Zero based)
 Heap Region Size: 4M
 Heap Min Capacity: 812M
 Heap Initial Capacity: 812M
 Heap Max Capacity: 6G
 Pre-touch: Disabled
 Parallel Workers: 4
 Concurrent Workers: 1
 Concurrent Refinement Workers: 4
 Periodic GC: Disabled
 String Deduplication is enabled
Heap:
 garbage-first heap   total 831488K, used 72630K [0x0000000680000000, 0x0000000800000000)
  region size 4096K, 1 young (4096K), 0 survivors (0K)
 Metaspace       used 58932K, committed 59392K, reserved 1114112K
  class space    used 7654K, committed 7872K, reserved 1048576K
GC Heap History (14 events):
Event: 19.186 GC heap before
{Heap before GC invocations=0 (full 0):
 garbage-first heap   total 831488K, used 77824K [0x0000000680000000, 0x0000000800000000)
  region size 4096K, 20 young (81920K), 0 survivors (0K)
 Metaspace       used 16907K, committed 17152K, reserved 1114112K
  class space    used 1511K, committed 1664K, reserved 1048576K
}
Event: 19.200 GC heap after
{Heap after GC invocations=1 (full 0):
 garbage-first heap   total 831488K, used 20223K [0x0000000680000000, 0x0000000800000000)
  region size 4096K, 3 young (12288K), 3 survivors (12288K)
 Metaspace       used 16907K, committed 17152K, reserved 1114112K
  class space    used 1511K, committed 1664K, reserved 1048576K
}
Event: 20.940 GC heap before
{Heap before GC invocations=1 (full 0):
 garbage-first heap   total 831488K, used 61183K [0x0000000680000000, 0x0000000800000000)
  region size 4096K, 13 young (53248K), 3 survivors (12288K)
 Metaspace       used 21296K, committed 21504K, reserved 1114112K
  class space    used 2151K, committed 2240K, reserved 1048576K
}
Event: 20.953 GC heap after
{Heap after GC invocations=2 (full 0):
 garbage-first heap   total 831488K, used 24314K [0x0000000680000000, 0x0000000800000000)
  region size 4096K, 1 young (4096K), 1 survivors (4096K)
 Metaspace       used 21296K, committed 21504K, reserved 1114112K
  class space    used 2151K, committed 2240K, reserved 1048576K
}
Event: 23.678 GC heap before
{Heap before GC invocations=3 (full 0):
 garbage-first heap   total 831488K, used 118522K [0x0000000680000000, 0x0000000800000000)
  region size 4096K, 14 young (57344K), 1 survivors (4096K)
 Metaspace       used 35825K, committed 36096K, reserved 1114112K
  class space    used 4122K, committed 4288K, reserved 1048576K
}
Event: 23.683 GC heap after
{Heap after GC invocations=4 (full 0):
 garbage-first heap   total 831488K, used 43710K [0x0000000680000000, 0x0000000800000000)
  region size 4096K, 3 young (12288K), 3 survivors (12288K)
 Metaspace       used 35825K, committed 36096K, reserved 1114112K
  class space    used 4122K, committed 4288K, reserved 1048576K
}
Event: 27.612 GC heap before
{Heap before GC invocations=5 (full 0):
 garbage-first heap   total 831488K, used 113342K [0x0000000680000000, 0x0000000800000000)
  region size 4096K, 20 young (81920K), 3 survivors (12288K)
 Metaspace       used 46885K, committed 47296K, reserved 1114112K
  class space    used 5703K, committed 5888K, reserved 1048576K
}
Event: 27.625 GC heap after
{Heap after GC invocations=6 (full 0):
 garbage-first heap   total 831488K, used 54112K [0x0000000680000000, 0x0000000800000000)
  region size 4096K, 3 young (12288K), 3 survivors (12288K)
 Metaspace       used 46885K, committed 47296K, reserved 1114112K
  class space    used 5703K, committed 5888K, reserved 1048576K
}
Event: 28.912 GC heap before
{Heap before GC invocations=6 (full 0):
 garbage-first heap   total 831488K, used 123744K [0x0000000680000000, 0x0000000800000000)
  region size 4096K, 20 young (81920K), 3 survivors (12288K)
 Metaspace       used 52009K, committed 52352K, reserved 1114112K
  class space    used 6645K, committed 6848K, reserved 1048576K
}
Event: 28.925 GC heap after
{Heap after GC invocations=7 (full 0):
 garbage-first heap   total 831488K, used 58147K [0x0000000680000000, 0x0000000800000000)
  region size 4096K, 3 young (12288K), 3 survivors (12288K)
 Metaspace       used 52009K, committed 52352K, reserved 1114112K
  class space    used 6645K, committed 6848K, reserved 1048576K
}
Event: 31.168 GC heap before
{Heap before GC invocations=7 (full 0):
 garbage-first heap   total 831488K, used 135971K [0x0000000680000000, 0x0000000800000000)
  region size 4096K, 20 young (81920K), 3 survivors (12288K)
 Metaspace       used 58382K, committed 58816K, reserved 1114112K
  class space    used 7596K, committed 7808K, reserved 1048576K
}
Event: 31.175 GC heap after
{Heap after GC invocations=8 (full 0):
 garbage-first heap   total 831488K, used 80406K [0x0000000680000000, 0x0000000800000000)
  region size 4096K, 3 young (12288K), 3 survivors (12288K)
 Metaspace       used 58382K, committed 58816K, reserved 1114112K
  class space    used 7596K, committed 7808K, reserved 1048576K
}
Event: 34.778 GC heap before
{Heap before GC invocations=8 (full 0):
 garbage-first heap   total 831488K, used 88598K [0x0000000680000000, 0x0000000800000000)
  region size 4096K, 6 young (24576K), 3 survivors (12288K)
 Metaspace       used 58930K, committed 59392K, reserved 1114112K
  class space    used 7654K, committed 7872K, reserved 1048576K
}
Event: 34.809 GC heap after
{Heap after GC invocations=9 (full 1):
 garbage-first heap   total 831488K, used 72630K [0x0000000680000000, 0x0000000800000000)
  region size 4096K, 0 young (0K), 0 survivors (0K)
 Metaspace       used 58930K, committed 59392K, reserved 1114112K
  class space    used 7654K, committed 7872K, reserved 1048576K
}

